<?xml version="1.0" encoding="UTF-8"?>
<!-- Generated by org.testng.reporters.JUnitReportReporter -->
<testsuite hostname="DESKTOP-N3SJ4O3" failures="0" tests="2" name="pomTestFiles.Logintest" time="14.034" errors="0" timestamp="2025-10-16T07:44:43 IST" skipped="0">
  <testcase classname="pomTestFiles.Logintest" name="invalidLoginwithoutUN" time="4.094"/>
  <testcase classname="pomTestFiles.Logintest" name="ValidLogin" time="9.940"/>
</testsuite> <!-- pomTestFiles.Logintest -->
